<?xml version="1.0" encoding="UTF-8"?>
<!-- Generated by org.testng.reporters.JUnitReportReporter -->
<testsuite skipped="0" hostname="LAPTOP-TO602G7N" name="LightBeam.lightbeam" tests="1" failures="0" timestamp="2020-11-11T15:36:13 CST" time="12.756" errors="0">
  <testcase name="init" time="12.756" classname="LightBeam.lightbeam"/>
  <system-out/>
</testsuite> <!-- LightBeam.lightbeam -->
